<?xml version="1.0" encoding="UTF-8"?>
<testng-results ignored="0" total="1" passed="1" failed="0" skipped="0">
  <reporter-output>
  </reporter-output>
  <suite started-at="2021-10-17T15:19:33 IST" name="Default suite" finished-at="2021-10-17T15:19:33 IST" duration-ms="68">
    <groups>
    </groups>
    <test started-at="2021-10-17T15:19:33 IST" name="Default test" finished-at="2021-10-17T15:19:33 IST" duration-ms="68">
      <class name="IncubyteTest.StringCalculatorTest">
        <test-method is-config="true" signature="init()[pri:0, instance:IncubyteTest.StringCalculatorTest@306cf3ea]" started-at="2021-10-17T15:19:33 IST" name="init" finished-at="2021-10-17T15:19:33 IST" duration-ms="11" status="PASS">
          <reporter-output>
          </reporter-output>
        </test-method> <!-- init -->
        <test-method signature="emptystringshouldreturnZero()[pri:0, instance:IncubyteTest.StringCalculatorTest@306cf3ea]" started-at="2021-10-17T15:19:33 IST" name="emptystringshouldreturnZero" finished-at="2021-10-17T15:19:33 IST" duration-ms="10" status="PASS">
          <reporter-output>
          </reporter-output>
        </test-method> <!-- emptystringshouldreturnZero -->
      </class> <!-- IncubyteTest.StringCalculatorTest -->
    </test> <!-- Default test -->
  </suite> <!-- Default suite -->
</testng-results>
