<?xml version="1.0" encoding="UTF-8"?>
<!-- Generated by org.testng.reporters.JUnitXMLReporter -->
<testsuite ignored="0" hostname="DESKTOP-LC027P8" failures="0" tests="6" name="Default test" time="0.096" errors="0" timestamp="2021-10-17T16:43:25 IST">
  <testcase classname="IncubyteTest.StringCalculatorTest" name="DelimitedInTwoNoCommaReturnSum" time="0.01"/>
  <testcase classname="IncubyteTest.StringCalculatorTest" name="DelimitedthreeNumbersBothWayReturnSum" time="0.002"/>
  <testcase classname="IncubyteTest.StringCalculatorTest" name="ReturnSingleValue" time="0.003"/>
  <testcase classname="IncubyteTest.StringCalculatorTest" name="emptystringshouldreturnZero" time="0.003"/>
  <testcase classname="IncubyteTest.StringCalculatorTest" name="negativeInputReturnsException" time="0.002"/>
  <testcase classname="IncubyteTest.StringCalculatorTest" name="twoNumbersNewLineDelimitedReturnSum" time="0.004"/>
</testsuite> <!-- Default test -->
